<?xml version="1.0" encoding="UTF-8"?>
<!-- Generated by org.testng.reporters.JUnitReportReporter -->
<testsuite hostname="Jintu" failures="0" tests="4" name="tests.GroupingTestNG" time="0.016" errors="0" timestamp="2022-03-03T11:11:18 IST" skipped="0">
  <testcase classname="tests.GroupingTestNG" name="TC2" time="0.001"/>
  <system-out/>
  <testcase classname="tests.GroupingTestNG" name="TC3" time="0.001"/>
  <system-out/>
  <testcase classname="tests.GroupingTestNG" name="TC4" time="0.002"/>
  <system-out/>
  <testcase classname="tests.GroupingTestNG" name="TC1" time="0.012"/>
  <system-out/>
</testsuite> <!-- tests.GroupingTestNG -->
