<?xml version="1.0" encoding="UTF-8"?>
<!-- Generated by org.testng.reporters.JUnitReportReporter -->
<testsuite hostname="Jintu" failures="0" tests="3" name="tests.TC_06_ApplyLeave" time="164.487" errors="0" timestamp="2022-07-08T10:33:26 IST" skipped="0">
  <testcase classname="tests.TC_06_ApplyLeave" name="TC102_LoginPage" time="59.562"/>
  <system-out/>
  <testcase classname="tests.TC_06_ApplyLeave" name="TC103_LoginPage" time="55.362"/>
  <system-out/>
  <testcase classname="tests.TC_06_ApplyLeave" name="TC101_LoginPage" time="49.563"/>
  <system-out/>
</testsuite> <!-- tests.TC_06_ApplyLeave -->
