<?xml version="1.0" encoding="UTF-8"?>
<!-- Generated by org.testng.reporters.JUnitReportReporter -->
<testsuite hostname="Jintu" failures="0" tests="3" name="tests.TC_05_AddEmployee" time="73.989" errors="0" timestamp="2022-07-08T10:33:26 IST" skipped="0">
  <testcase classname="tests.TC_05_AddEmployee" name="TC102_LoginPage" time="26.732"/>
  <system-out/>
  <testcase classname="tests.TC_05_AddEmployee" name="TC101_LoginPage" time="25.005"/>
  <system-out/>
  <testcase classname="tests.TC_05_AddEmployee" name="TC103_LoginPage" time="22.252"/>
  <system-out/>
</testsuite> <!-- tests.TC_05_AddEmployee -->
