<?xml version="1.0" encoding="UTF-8"?>
<!-- Generated by org.testng.reporters.JUnitReportReporter -->
<testsuite hostname="Jintu" failures="0" tests="1" name="tests.TC01_VerifyLoginPage" time="30.700" errors="0" timestamp="2022-05-25T12:53:02 IST" skipped="0">
  <testcase classname="tests.TC01_VerifyLoginPage" name="TC_01_VerifyLoginPage" time="30.700"/>
  <system-out/>
</testsuite> <!-- tests.TC01_VerifyLoginPage -->
