<?xml version="1.0" encoding="UTF-8"?>
<!-- Generated by org.testng.reporters.JUnitReportReporter -->
<testsuite hostname="Jintu" failures="0" tests="1" name="tests.TC_LoginPage" time="29.566" errors="0" timestamp="2022-07-05T09:40:04 IST" skipped="0">
  <testcase classname="tests.TC_LoginPage" name="TC100_LoginPage" time="29.566"/>
  <system-out/>
</testsuite> <!-- tests.TC_LoginPage -->
