<?xml version="1.0" encoding="UTF-8"?>
<!-- Generated by org.testng.reporters.JUnitReportReporter -->
<testsuite hostname="Jintu" failures="0" tests="3" name="tests.TC_03_AddEntitlements" time="100.984" errors="0" timestamp="2022-07-08T10:33:26 IST" skipped="0">
  <testcase classname="tests.TC_03_AddEntitlements" name="TC101_LoginPage" time="50.745"/>
  <system-out/>
  <testcase classname="tests.TC_03_AddEntitlements" name="TC103_LoginPage" time="25.119"/>
  <system-out/>
  <testcase classname="tests.TC_03_AddEntitlements" name="TC102_LoginPage" time="25.120"/>
  <system-out/>
</testsuite> <!-- tests.TC_03_AddEntitlements -->
