<?xml version="1.0" encoding="UTF-8"?>
<!-- Generated by org.testng.reporters.JUnitReportReporter -->
<testsuite hostname="Jintu" failures="0" tests="4" name="tests.PriorityTestNG" time="0.031" errors="0" timestamp="2022-04-13T09:56:59 IST" skipped="0">
  <testcase classname="tests.PriorityTestNG" name="Ta" time="0.002"/>
  <system-out/>
  <testcase classname="tests.PriorityTestNG" name="TE" time="0.024"/>
  <system-out/>
  <testcase classname="tests.PriorityTestNG" name="Tb" time="0.003"/>
  <system-out/>
  <testcase classname="tests.PriorityTestNG" name="TD" time="0.002"/>
  <system-out/>
</testsuite> <!-- tests.PriorityTestNG -->
